
mul.elf:     file format elf32-littleriscv


Disassembly of section .text:

00000000 <_start>:
   0:	21006093          	ori	ra,zero,528
   4:	0210e113          	ori	sp,ra,33
   8:	00111193          	slli	gp,sp,0x1
   c:	5681f213          	andi	tp,gp,1384
  10:	68a06293          	ori	t0,zero,1674
  14:	01606393          	ori	t2,zero,22
  18:	007292b3          	sll	t0,t0,t2
  1c:	0193c393          	xori	t2,t2,25
  20:	0023d393          	srli	t2,t2,0x2
  24:	00138393          	addi	t2,t2,1
  28:	0072d433          	srl	s0,t0,t2
  2c:	4072d333          	sra	t1,t0,t2
  30:	4102d313          	srai	t1,t0,0x10
  34:	72306293          	ori	t0,zero,1827
  38:	0042c2b3          	xor	t0,t0,tp
  3c:	7a432393          	slti	t2,t1,1956
  40:	7a433413          	sltiu	s0,t1,1956
  44:	005323b3          	slt	t2,t1,t0
  48:	00533433          	sltu	s0,t1,t0
  4c:	00428333          	add	t1,t0,tp
  50:	7a332413          	slti	s0,t1,1955
  54:	00532433          	slt	s0,t1,t0
  58:	0062a433          	slt	s0,t0,t1
  5c:	405304b3          	sub	s1,t1,t0
  60:	45b27537          	lui	a0,0x45b27
  64:	21c43597          	auipc	a1,0x21c43

00000068 <es_j1>:
  68:	02b54263          	blt	a0,a1,8c <es_j2>
  6c:	0ffff637          	lui	a2,0xffff
  70:	00b55e63          	bge	a0,a1,8c <es_j2>

00000074 <es_j4>:
  74:	45606613          	ori	a2,zero,1110
  78:	00340967          	jalr	s2,3(s0)
  7c:	2bc06693          	ori	a3,zero,700
  80:	00000013          	nop
  84:	00000013          	nop
  88:	00000013          	nop

0000008c <es_j2>:
  8c:	5ef06613          	ori	a2,zero,1519
  90:	12306693          	ori	a3,zero,291
  94:	00b68123          	sb	a1,2(a3)
  98:	00268703          	lb	a4,2(a3)
  9c:	00c680a3          	sb	a2,1(a3)
  a0:	00169703          	lh	a4,1(a3)
  a4:	000707b3          	add	a5,a4,zero
  a8:	005691a3          	sh	t0,3(a3)
  ac:	0016a783          	lw	a5,1(a3)
  b0:	00f388b3          	add	a7,t2,a5
  b4:	00b6a2a3          	sw	a1,5(a3)
  b8:	0056a803          	lw	a6,5(a3)
  bc:	011388b3          	add	a7,t2,a7

000000c0 <es_j3>:
  c0:	fffff937          	lui	s2,0xfffff
  c4:	00190993          	addi	s3,s2,1 # fffff001 <_end+0xffffe001>
  c8:	0129f863          	bgeu	s3,s2,d8 <es_j5>

000000cc <es_j6>:
  cc:	00190913          	addi	s2,s2,1
  d0:	ff299ee3          	bne	s3,s2,cc <es_j6>
  d4:	fa1ff06f          	j	74 <es_j4>

000000d8 <es_j5>:
  d8:	ff29dae3          	bge	s3,s2,cc <es_j6>
