
mul.elf:     file format elf32-littleriscv


Disassembly of section .text:

00000000 <_start>:
   0:	21006093          	ori	ra,zero,528
   4:	0210e113          	ori	sp,ra,33
   8:	00111193          	slli	gp,sp,0x1
   c:	5681f213          	andi	tp,gp,1384
  10:	68a06293          	ori	t0,zero,1674
  14:	01606393          	ori	t2,zero,22
  18:	007292b3          	sll	t0,t0,t2
  1c:	01406393          	ori	t2,zero,20
  20:	4072d333          	sra	t1,t0,t2
  24:	72306293          	ori	t0,zero,1827
  28:	0042c2b3          	xor	t0,t0,tp
  2c:	00428333          	add	t1,t0,tp
  30:	7a432393          	slti	t2,t1,1956
  34:	7a332413          	slti	s0,t1,1955
  38:	00532433          	slt	s0,t1,t0
  3c:	0062a433          	slt	s0,t0,t1
  40:	405304b3          	sub	s1,t1,t0
  44:	45b27537          	lui	a0,0x45b27
  48:	21c43597          	auipc	a1,0x21c43

0000004c <es_j1>:
  4c:	00b55c63          	bge	a0,a1,64 <es_j2>
  50:	45606613          	ori	a2,zero,1110
  54:	2bc06693          	ori	a3,zero,700
  58:	00000013          	nop
  5c:	00000013          	nop
  60:	00000013          	nop

00000064 <es_j2>:
  64:	5ef06613          	ori	a2,zero,1519
  68:	12306693          	ori	a3,zero,291
  6c:	00b68123          	sb	a1,2(a3)
  70:	00268703          	lb	a4,2(a3)
  74:	00c680a3          	sb	a2,1(a3)
  78:	00169703          	lh	a4,1(a3)
  7c:	000707b3          	add	a5,a4,zero
  80:	005691a3          	sh	t0,3(a3)
  84:	0016a783          	lw	a5,1(a3)
  88:	00f388b3          	add	a7,t2,a5
  8c:	00b6a2a3          	sw	a1,5(a3)
  90:	0056a803          	lw	a6,5(a3)
